[Wed Jul 16 12:32:37 2025
] [error] 连接失败: 连接失败：Socket operation timed out
[Wed Jul 16 12:32:37 2025
] [error] 读取私钥失败
[Wed Jul 16 12:32:37 2025
] [error] 密码加密失败
[Wed Jul 16 12:34:17 2025
] [info] 任务已成功发送: 2 tasks
[Wed Jul 16 12:35:53 2025
] [error] 连接失败: 连接失败：Socket operation timed out
[Wed Jul 16 12:35:53 2025
] [error] 读取私钥失败
[Wed Jul 16 12:35:53 2025
] [error] 密码加密失败
[Wed Jul 16 12:36:00 2025
] [info] 任务已成功发送: 0 tasks
[Wed Jul 16 12:36:53 2025
] [error] 连接失败: 连接失败：Socket operation timed out
[Wed Jul 16 12:36:53 2025
] [error] 读取私钥失败
[Wed Jul 16 12:36:53 2025
] [error] 密码加密失败
[Wed Jul 16 12:36:58 2025
] [info] 任务已成功发送: 0 tasks
[Wed Jul 16 12:37:22 2025
] [error] 连接失败: 连接失败：Socket operation timed out
[Wed Jul 16 12:37:22 2025
] [error] 读取私钥失败
[Wed Jul 16 12:37:22 2025
] [error] 密码加密失败
[Wed Jul 16 12:37:26 2025
] [info] 任务已成功发送: 0 tasks
[Wed Jul 16 14:54:16 2025
] [error] 连接失败: 连接失败：Socket operation timed out
[Wed Jul 16 14:54:16 2025
] [error] 读取私钥失败
[Wed Jul 16 14:54:16 2025
] [error] 密码加密失败
[Wed Jul 16 14:55:12 2025
] [info] 任务已成功发送: 1 tasks
[Wed Jul 16 14:55:27 2025
] [error] 连接失败: 连接失败：Socket operation timed out
[Wed Jul 16 14:55:27 2025
] [error] 读取私钥失败
[Wed Jul 16 14:55:27 2025
] [error] 密码加密失败
[Wed Jul 16 14:56:16 2025
] [info] 任务已成功发送: 1 tasks
[Wed Jul 16 14:57:32 2025
] [error] 连接失败: 连接失败：Socket operation timed out
[Wed Jul 16 14:57:32 2025
] [error] 读取私钥失败
[Wed Jul 16 14:57:32 2025
] [error] 密码加密失败
[Wed Jul 16 14:57:36 2025
] [info] 任务已成功发送: 0 tasks
[Wed Jul 16 14:57:45 2025
] [error] 连接失败: 连接失败：Socket operation timed out
[Wed Jul 16 14:57:45 2025
] [error] 读取私钥失败
[Wed Jul 16 14:57:45 2025
] [error] 密码加密失败
[Wed Jul 16 14:57:48 2025
] [info] 任务已成功发送: 0 tasks
[Wed Jul 16 14:58:16 2025
] [error] 连接失败: 连接失败：Socket operation timed out
[Wed Jul 16 14:58:16 2025
] [error] 读取私钥失败
[Wed Jul 16 14:58:16 2025
] [error] 密码加密失败
[Wed Jul 16 14:58:19 2025
] [info] 任务已成功发送: 0 tasks
[Wed Jul 16 15:08:16 2025
] [error] 连接失败: 连接失败：Socket operation timed out
[Wed Jul 16 15:08:16 2025
] [error] 读取私钥失败
[Wed Jul 16 15:08:16 2025
] [error] 密码加密失败
[Wed Jul 16 15:09:14 2025
] [info] 任务已成功发送: 3 tasks
[Wed Jul 16 15:12:21 2025
] [error] 连接失败: 连接失败：Socket operation timed out
[Wed Jul 16 15:12:21 2025
] [error] 读取私钥失败
[Wed Jul 16 15:12:21 2025
] [error] 密码加密失败
[Wed Jul 16 15:13:14 2025
] [info] 任务已成功发送: 1 tasks
[Wed Jul 16 15:31:04 2025
] [error] 连接失败: 连接失败：Socket operation timed out
[Wed Jul 16 15:31:04 2025
] [error] 读取私钥失败
[Wed Jul 16 15:31:04 2025
] [error] 密码加密失败
[Wed Jul 16 15:32:18 2025
] [info] 任务已成功发送: 1 tasks
[Wed Jul 16 15:37:50 2025
] [error] 连接失败: 连接失败：Socket operation timed out
[Wed Jul 16 15:37:50 2025
] [error] 读取私钥失败
[Wed Jul 16 15:37:50 2025
] [error] 密码加密失败
[Wed Jul 16 15:39:14 2025
] [info] 任务已成功发送: 1 tasks
[Wed Jul 16 15:48:40 2025
] [error] 连接失败: 连接失败：Socket operation timed out
[Wed Jul 16 15:48:40 2025
] [error] 读取私钥失败
[Wed Jul 16 15:48:40 2025
] [error] 密码加密失败
[Wed Jul 16 15:50:08 2025
] [info] 任务已成功发送: 1 tasks
[Wed Jul 16 15:58:10 2025
] [error] 连接失败: 连接失败：Socket operation timed out
[Wed Jul 16 15:58:10 2025
] [error] 读取私钥失败
[Wed Jul 16 15:58:10 2025
] [error] 密码加密失败
[Wed Jul 16 15:59:54 2025
] [info] 任务已成功发送: 1 tasks
[Wed Jul 16 19:01:52 2025
] [error] 连接失败: 连接失败：Socket operation timed out
[Wed Jul 16 19:01:52 2025
] [error] 读取私钥失败
[Wed Jul 16 19:01:52 2025
] [error] 密码加密失败
[Wed Jul 16 19:01:54 2025
] [info] 任务已成功发送: 0 tasks
[Wed Jul 16 19:05:10 2025
] [error] 连接失败: 连接失败：Socket operation timed out
[Wed Jul 16 19:05:10 2025
] [error] 读取私钥失败
[Wed Jul 16 19:05:10 2025
] [error] 密码加密失败
[Wed Jul 16 19:05:13 2025
] [info] 任务已成功发送: 0 tasks
[Wed Jul 16 19:05:29 2025
] [error] 连接失败: 连接失败：Socket operation timed out
[Wed Jul 16 19:05:29 2025
] [error] 读取私钥失败
[Wed Jul 16 19:05:29 2025
] [error] 密码加密失败
[Wed Jul 16 19:06:56 2025
] [info] 任务已成功发送: 0 tasks
[Wed Jul 16 19:26:01 2025
] [error] 连接失败: 连接失败：Socket operation timed out
[Wed Jul 16 19:26:01 2025
] [error] 读取公钥失败
[Wed Jul 16 19:26:01 2025
] [error] 服务器未响应注册请求
[Wed Jul 16 19:26:39 2025
] [info] 成功连接到服务器: 172.20.10.3:50000
[Wed Jul 16 19:26:39 2025
] [error] 读取公钥失败
[Wed Jul 16 19:26:40 2025
] [info] 注册成功: 注册成功
[Wed Jul 16 19:28:02 2025
] [info] 任务已成功发送: 1 tasks
[Wed Jul 16 19:28:02 2025
] [info] 已断开与服务器的连接
[Wed Jul 16 19:46:30 2025
] [info] 成功连接到服务器: 172.20.10.3:50000
[Wed Jul 16 19:46:30 2025
] [info] 数据加密成功
[Wed Jul 16 19:46:30 2025
] [info] 注册成功: 注册成功
[Wed Jul 16 19:47:15 2025
] [info] 任务已成功发送: 0 tasks
[Wed Jul 16 19:47:15 2025
] [info] 已断开与服务器的连接
[Wed Jul 16 19:47:34 2025
] [info] 成功连接到服务器: 172.20.10.3:50000
[Wed Jul 16 19:47:34 2025
] [info] 数据加密成功
[Wed Jul 16 19:47:34 2025
] [error] 服务器未响应登录请求
[Wed Jul 16 19:47:43 2025
] [info] 成功连接到服务器: 172.20.10.3:50000
[Wed Jul 16 19:47:43 2025
] [info] 数据加密成功
[Wed Jul 16 19:47:43 2025
] [error] 服务器未响应登录请求
[Wed Jul 16 19:49:10 2025
] [info] 成功连接到服务器: 172.20.10.3:50000
[Wed Jul 16 19:49:10 2025
] [info] 数据加密成功
[Wed Jul 16 19:49:11 2025
] [info] 注册成功: 注册成功
[Wed Jul 16 19:49:42 2025
] [info] 任务已成功发送: 0 tasks
[Wed Jul 16 19:49:42 2025
] [info] 已断开与服务器的连接
[Wed Jul 16 19:49:47 2025
] [info] 成功连接到服务器: 172.20.10.3:50000
[Wed Jul 16 19:49:47 2025
] [info] 数据加密成功
[Wed Jul 16 19:49:47 2025
] [error] 服务器未响应登录请求
[Wed Jul 16 19:50:08 2025
] [info] 成功连接到服务器: 172.20.10.3:50000
[Wed Jul 16 19:50:08 2025
] [info] 数据加密成功
[Wed Jul 16 19:50:08 2025
] [error] 服务器未响应登录请求
[Wed Jul 16 19:50:14 2025
] [info] 数据加密成功
[Wed Jul 16 19:50:14 2025
] [error] 服务器未响应登录请求
[Wed Jul 16 19:56:58 2025
] [info] 成功连接到服务器: 172.20.10.3:50000
[Wed Jul 16 19:56:58 2025
] [info] 数据加密成功
[Wed Jul 16 19:56:58 2025
] [info] 注册成功: 注册成功
[Wed Jul 16 19:57:39 2025
] [info] 任务已成功发送: 1 tasks
[Wed Jul 16 19:57:39 2025
] [info] 已断开与服务器的连接
[Wed Jul 16 19:57:57 2025
] [info] 成功连接到服务器: 172.20.10.3:50000
[Wed Jul 16 19:57:57 2025
] [info] 数据加密成功
[Wed Jul 16 19:57:58 2025
] [info] 登录成功，但无历史任务: 
[Wed Jul 16 20:10:02 2025
] [info] 成功连接到服务器: 172.20.10.3:50000
[Wed Jul 16 20:10:02 2025
] [info] 数据加密成功
[Wed Jul 16 20:10:03 2025
] [info] 注册成功: 注册成功
[Wed Jul 16 20:10:26 2025
] [info] 任务已成功发送: 1 tasks
[Wed Jul 16 20:10:26 2025
] [info] 已断开与服务器的连接
[Wed Jul 16 20:10:38 2025
] [info] 成功连接到服务器: 172.20.10.3:50000
[Wed Jul 16 20:10:38 2025
] [info] 数据加密成功
[Wed Jul 16 20:10:39 2025
] [info] 登录成功，但无历史任务: 
[Wed Jul 16 20:10:51 2025
] [info] 任务已成功发送: 0 tasks
[Wed Jul 16 20:10:51 2025
] [info] 已断开与服务器的连接
[Wed Jul 16 20:11:02 2025
] [info] 成功连接到服务器: 172.20.10.3:50000
[Wed Jul 16 20:11:02 2025
] [info] 数据加密成功
[Wed Jul 16 20:11:03 2025
] [info] 登录成功，但无历史任务: 
[Wed Jul 16 20:11:05 2025
] [info] 任务已成功发送: 0 tasks
[Wed Jul 16 20:11:05 2025
] [info] 已断开与服务器的连接
[Wed Jul 16 20:33:56 2025
] [info] 成功连接到服务器: 172.20.10.3:50000
[Wed Jul 16 20:33:56 2025
] [info] 数据加密成功
[Wed Jul 16 20:33:57 2025
] [info] 注册成功: 注册成功
[Wed Jul 16 20:34:22 2025
] [info] 任务已成功发送: 1 tasks
[Wed Jul 16 20:34:22 2025
] [info] 已断开与服务器的连接
[Wed Jul 16 20:34:36 2025
] [info] 成功连接到服务器: 172.20.10.3:50000
[Wed Jul 16 20:34:36 2025
] [info] 数据加密成功
[Wed Jul 16 20:34:37 2025
] [info] 登录成功，但无历史任务: 
[Wed Jul 16 20:35:00 2025
] [info] 任务已成功发送: 0 tasks
[Wed Jul 16 20:35:00 2025
] [info] 已断开与服务器的连接
[Wed Jul 16 20:46:12 2025
] [info] 成功连接到服务器: 172.20.10.3:50000
[Wed Jul 16 20:46:12 2025
] [info] 数据加密成功
[Wed Jul 16 20:46:13 2025
] [info] 注册成功: 注册成功
[Wed Jul 16 20:47:23 2025
] [info] 任务已成功发送: 0 tasks
[Wed Jul 16 20:47:23 2025
] [info] 已断开与服务器的连接
[Wed Jul 16 20:48:00 2025
] [info] 成功连接到服务器: 172.20.10.3:50000
[Wed Jul 16 20:48:00 2025
] [info] 数据加密成功
[Wed Jul 16 20:48:01 2025
] [info] 注册成功: 注册成功
[Wed Jul 16 20:48:46 2025
] [info] 任务已成功发送: 2 tasks
[Wed Jul 16 20:48:46 2025
] [info] 已断开与服务器的连接
[Wed Jul 16 20:48:58 2025
] [info] 成功连接到服务器: 172.20.10.3:50000
[Wed Jul 16 20:48:58 2025
] [info] 数据加密成功
[Wed Jul 16 20:48:59 2025
] [info] 登录成功，但无历史任务: 
[Wed Jul 16 20:49:02 2025
] [info] 任务已成功发送: 0 tasks
[Wed Jul 16 20:49:02 2025
] [info] 已断开与服务器的连接
[Wed Jul 16 20:54:37 2025
] [info] 成功连接到服务器: 172.20.10.3:50000
[Wed Jul 16 20:54:37 2025
] [info] 数据加密并base64编码成功
[Wed Jul 16 20:54:37 2025
] [info] 注册成功: 注册成功
[Wed Jul 16 20:55:38 2025
] [info] 任务已成功发送: 2 tasks
[Wed Jul 16 20:55:38 2025
] [info] 已断开与服务器的连接
[Wed Jul 16 20:55:53 2025
] [info] 成功连接到服务器: 172.20.10.3:50000
[Wed Jul 16 20:55:53 2025
] [info] 数据加密并base64编码成功
[Wed Jul 16 20:55:53 2025
] [warning] 登录失败: 
[Wed Jul 16 20:56:05 2025
] [info] 数据加密并base64编码成功
[Wed Jul 16 20:56:05 2025
] [error] 服务器未响应登录请求
[Wed Jul 16 20:56:21 2025
] [info] 成功连接到服务器: 172.20.10.3:50000
[Wed Jul 16 20:56:21 2025
] [info] 数据加密并base64编码成功
[Wed Jul 16 20:56:23 2025
] [info] 登录成功，但无历史任务: 
[Wed Jul 16 20:56:29 2025
] [info] 任务已成功发送: 0 tasks
[Wed Jul 16 20:56:29 2025
] [info] 已断开与服务器的连接
[Wed Jul 16 21:01:28 2025
] [info] 成功连接到服务器: 172.20.10.3:50000
[Wed Jul 16 21:01:28 2025
] [info] 数据加密并base64编码成功
[Wed Jul 16 21:01:29 2025
] [warning] 登录失败: 
[Wed Jul 16 21:01:30 2025
] [info] 已断开与服务器的连接
[Wed Jul 16 21:01:33 2025
] [info] 成功连接到服务器: 172.20.10.3:50000
[Wed Jul 16 21:01:33 2025
] [info] 数据加密并base64编码成功
[Wed Jul 16 21:01:34 2025
] [info] 登录成功，但无历史任务: 
[Wed Jul 16 21:03:26 2025
] [info] 任务已成功发送: 0 tasks
[Wed Jul 16 21:03:26 2025
] [info] 已断开与服务器的连接
[Wed Jul 16 21:04:07 2025
] [info] 成功连接到服务器: 172.20.10.3:50000
[Wed Jul 16 21:04:07 2025
] [info] 数据加密并base64编码成功
[Wed Jul 16 21:04:08 2025
] [info] 登录成功，但无历史任务: 
[Wed Jul 16 21:04:18 2025
] [info] 任务已成功发送: 0 tasks
[Wed Jul 16 21:04:18 2025
] [info] 已断开与服务器的连接
[Wed Jul 16 21:08:31 2025
] [info] 成功连接到服务器: 172.20.10.3:50000
[Wed Jul 16 21:08:31 2025
] [info] 数据加密并base64编码成功
[Wed Jul 16 21:08:32 2025
] [info] 注册成功: 注册成功
[Wed Jul 16 21:09:11 2025
] [info] 任务已成功发送: 2 tasks
[Wed Jul 16 21:09:11 2025
] [info] 已断开与服务器的连接
[Wed Jul 16 21:09:29 2025
] [info] 成功连接到服务器: 172.20.10.3:50000
[Wed Jul 16 21:09:29 2025
] [info] 数据加密并base64编码成功
[Wed Jul 16 21:09:30 2025
] [info] 登录成功，但无历史任务: 
[Wed Jul 16 21:09:33 2025
] [info] 任务已成功发送: 0 tasks
[Wed Jul 16 21:09:33 2025
] [info] 已断开与服务器的连接
[Wed Jul 16 21:11:19 2025
] [info] 成功连接到服务器: 172.20.10.3:50000
[Wed Jul 16 21:11:19 2025
] [info] 数据加密并base64编码成功
[Wed Jul 16 21:11:20 2025
] [info] 注册成功: 注册成功
[Wed Jul 16 21:11:44 2025
] [info] 任务已成功发送: 1 tasks
[Wed Jul 16 21:11:44 2025
] [info] 已断开与服务器的连接
[Wed Jul 16 21:11:51 2025
] [info] 成功连接到服务器: 172.20.10.3:50000
[Wed Jul 16 21:11:51 2025
] [info] 数据加密并base64编码成功
[Wed Jul 16 21:11:51 2025
] [info] 登录成功，但无历史任务: 
[Wed Jul 16 21:11:54 2025
] [info] 任务已成功发送: 0 tasks
[Wed Jul 16 21:11:54 2025
] [info] 已断开与服务器的连接
[Wed Jul 16 21:12:42 2025
] [info] 成功连接到服务器: 172.20.10.3:50000
[Wed Jul 16 21:12:42 2025
] [info] 数据加密并base64编码成功
[Wed Jul 16 21:12:43 2025
] [info] 注册成功: 注册成功
[Wed Jul 16 21:13:07 2025
] [info] 任务已成功发送: 1 tasks
[Wed Jul 16 21:13:07 2025
] [info] 已断开与服务器的连接
[Wed Jul 16 21:13:16 2025
] [info] 成功连接到服务器: 172.20.10.3:50000
[Wed Jul 16 21:13:16 2025
] [info] 数据加密并base64编码成功
[Wed Jul 16 21:13:16 2025
] [info] 登录成功，但无历史任务: 
[Wed Jul 16 21:13:18 2025
] [info] 任务已成功发送: 0 tasks
[Wed Jul 16 21:13:18 2025
] [info] 已断开与服务器的连接
[Wed Jul 16 21:14:30 2025
] [info] 成功连接到服务器: 172.20.10.3:50000
[Wed Jul 16 21:14:30 2025
] [info] 数据加密并base64编码成功
[Wed Jul 16 21:14:30 2025
] [info] 注册成功: 注册成功
[Wed Jul 16 21:14:51 2025
] [info] 任务已成功发送: 1 tasks
[Wed Jul 16 21:14:51 2025
] [info] 已断开与服务器的连接
[Wed Jul 16 21:14:57 2025
] [info] 成功连接到服务器: 172.20.10.3:50000
[Wed Jul 16 21:14:57 2025
] [info] 数据加密并base64编码成功
[Wed Jul 16 21:14:58 2025
] [info] 登录成功，但无历史任务: 
[Wed Jul 16 21:15:01 2025
] [info] 任务已成功发送: 0 tasks
[Wed Jul 16 21:15:01 2025
] [info] 已断开与服务器的连接
[Wed Jul 16 21:15:43 2025
] [info] 成功连接到服务器: 172.20.10.3:50000
[Wed Jul 16 21:15:43 2025
] [info] 数据加密并base64编码成功
[Wed Jul 16 21:15:44 2025
] [info] 登录成功，但无历史任务: 
[Wed Jul 16 21:16:53 2025
] [info] 任务已成功发送: 0 tasks
[Wed Jul 16 21:16:53 2025
] [info] 已断开与服务器的连接
[Wed Jul 16 21:16:58 2025
] [info] 成功连接到服务器: 172.20.10.3:50000
[Wed Jul 16 21:16:58 2025
] [info] 数据加密并base64编码成功
[Wed Jul 16 21:16:59 2025
] [info] 登录成功，但无历史任务: 
[Wed Jul 16 21:17:11 2025
] [info] 任务已成功发送: 0 tasks
[Wed Jul 16 21:17:11 2025
] [info] 已断开与服务器的连接
[Wed Jul 16 21:17:44 2025
] [info] 成功连接到服务器: 172.20.10.3:50000
[Wed Jul 16 21:17:44 2025
] [info] 数据加密并base64编码成功
[Wed Jul 16 21:17:45 2025
] [info] 登录成功，但无历史任务: 
[Wed Jul 16 21:17:49 2025
] [info] 任务已成功发送: 0 tasks
[Wed Jul 16 21:17:49 2025
] [info] 已断开与服务器的连接
[Wed Jul 16 21:23:56 2025
] [info] 成功连接到服务器: 172.20.10.3:50000
[Wed Jul 16 21:23:56 2025
] [info] 数据加密并base64编码成功
[Wed Jul 16 21:23:56 2025
] [info] 登录成功，但无历史任务: 
[Wed Jul 16 21:26:30 2025
] [info] 成功连接到服务器: 172.20.10.3:50000
[Wed Jul 16 21:26:30 2025
] [info] 数据加密并base64编码成功
[Wed Jul 16 21:26:31 2025
] [info] 登录成功，但无历史任务: 
[Wed Jul 16 21:33:02 2025
] [info] 成功连接到服务器: 172.20.10.3:50000
[Wed Jul 16 21:33:02 2025
] [info] 数据加密并base64编码成功
[Wed Jul 16 21:33:02 2025
] [info] 登录成功并加载任务: 1 tasks
[Wed Jul 16 21:33:19 2025
] [info] 任务已成功发送: 0 tasks
[Wed Jul 16 21:33:19 2025
] [info] 已断开与服务器的连接
[Wed Jul 16 21:34:24 2025
] [info] 成功连接到服务器: 172.20.10.3:50000
[Wed Jul 16 21:34:24 2025
] [info] 数据加密并base64编码成功
[Wed Jul 16 21:34:25 2025
] [info] 登录成功并加载任务: 1 tasks
[Wed Jul 16 21:37:29 2025
] [info] 成功连接到服务器: 172.20.10.3:50000
[Wed Jul 16 21:37:29 2025
] [info] 数据加密并base64编码成功
[Wed Jul 16 21:37:30 2025
] [info] 登录成功并加载任务: 1 tasks
[Wed Jul 16 21:37:55 2025
] [info] 任务已成功发送: 0 tasks
[Wed Jul 16 21:37:55 2025
] [info] 已断开与服务器的连接
[Wed Jul 16 21:57:23 2025
] [info] 成功连接到服务器: 172.20.10.3:50000
[Wed Jul 16 21:57:23 2025
] [info] 数据加密并base64编码成功
[Wed Jul 16 21:57:24 2025
] [info] 登录成功并加载任务: 1 tasks
[Wed Jul 16 21:57:38 2025
] [info] 任务已成功发送: 1 tasks
[Wed Jul 16 21:57:38 2025
] [info] 已断开与服务器的连接
[Wed Jul 16 22:15:50 2025
] [info] 成功连接到服务器: 172.20.10.3:50000
[Wed Jul 16 22:15:50 2025
] [info] 数据加密并base64编码成功
[Wed Jul 16 22:15:51 2025
] [info] 登录成功并加载任务: 1 tasks
[Wed Jul 16 22:20:01 2025
] [info] 任务已成功发送: 1 tasks
[Wed Jul 16 22:20:01 2025
] [info] 已断开与服务器的连接
